<?xml version="1.0"?><coverage lines-covered="406" lines-valid="490" line-rate="0.8285714285714286" branches-covered="0" branches-valid="0" branch-rate="0" complexity="0" version="1.9" timestamp="1779026273"><sources><source>/app</source></sources><packages><package name="storage/src" line-rate="0.7933884297520661" branch-rate="0" complexity="0"><classes><class name="lib" filename="storage/src/lib.rs" line-rate="0.7088607594936709" branch-rate="0" complexity="0"><methods/><lines><line number="30" hits="18"/><line number="31" hits="15"/><line number="33" hits="5"/><line number="34" hits="5"/><line number="36" hits="22"/><line number="39" hits="5"/><line number="40" hits="16"/><line number="42" hits="8"/><line number="44" hits="4"/><line number="45" hits="3"/><line number="46" hits="3"/><line number="47" hits="3"/><line number="52" hits="0"/><line number="53" hits="0"/><line number="54" hits="0"/><line number="56" hits="0"/><line number="57" hits="0"/><line number="59" hits="0"/><line number="60" hits="0"/><line number="61" hits="0"/><line number="62" hits="0"/><line number="63" hits="0"/><line number="65" hits="0"/><line number="66" hits="0"/><line number="69" hits="4"/><line number="70" hits="3"/><line number="72" hits="2"/><line number="73" hits="0"/><line number="76" hits="1"/><line number="77" hits="1"/><line number="79" hits="3"/><line number="80" hits="2"/><line number="81" hits="2"/><line number="82" hits="2"/><line number="83" hits="1"/><line number="85" hits="1"/><line number="95" hits="0"/><line number="96" hits="0"/><line number="101" hits="3"/><line number="103" hits="4"/><line number="107" hits="1"/><line number="108" hits="1"/><line number="111" hits="1"/><line number="112" hits="1"/><line number="123" hits="20"/><line number="125" hits="11"/><line number="127" hits="8"/><line number="128" hits="4"/><line number="130" hits="12"/><line number="131" hits="4"/><line number="135" hits="8"/><line number="136" hits="8"/><line number="137" hits="10"/><line number="142" hits="4"/><line number="143" hits="2"/><line number="144" hits="2"/><line number="146" hits="0"/><line number="152" hits="2"/><line number="153" hits="2"/><line number="154" hits="1"/><line number="156" hits="1"/><line number="158" hits="1"/><line number="163" hits="4"/><line number="164" hits="2"/><line number="165" hits="2"/><line number="169" hits="8"/><line number="170" hits="1"/><line number="171" hits="2"/><line number="172" hits="2"/><line number="173" hits="1"/><line number="175" hits="3"/><line number="176" hits="2"/><line number="179" hits="0"/><line number="180" hits="0"/><line number="184" hits="0"/><line number="185" hits="0"/><line number="188" hits="0"/><line number="191" hits="0"/><line number="194" hits="0"/></lines></class><class name="sstable" filename="storage/src/sstable.rs" line-rate="0.9523809523809523" branch-rate="0" complexity="0"><methods/><lines><line number="20" hits="1"/><line number="24" hits="5"/><line number="28" hits="1"/><line number="29" hits="4"/><line number="32" hits="3"/><line number="33" hits="2"/><line number="34" hits="1"/><line number="36" hits="2"/><line number="37" hits="3"/><line number="38" hits="2"/><line number="39" hits="2"/><line number="42" hits="2"/><line number="43" hits="1"/><line number="49" hits="10"/><line number="59" hits="5"/><line number="63" hits="1"/><line number="64" hits="4"/><line number="66" hits="1"/><line number="68" hits="4"/><line number="69" hits="4"/><line number="71" hits="1"/><line number="72" hits="2"/><line number="73" hits="0"/><line number="79" hits="4"/><line number="80" hits="1"/><line number="81" hits="3"/><line number="82" hits="0"/><line number="85" hits="3"/><line number="87" hits="1"/><line number="88" hits="2"/><line number="94" hits="2"/><line number="95" hits="4"/><line number="97" hits="2"/><line number="98" hits="4"/><line number="100" hits="1"/><line number="104" hits="2"/><line number="105" hits="3"/><line number="106" hits="2"/><line number="107" hits="2"/><line number="108" hits="2"/><line number="111" hits="2"/><line number="112" hits="1"/></lines></class></classes></package><package name="consensus/src" line-rate="0.46875" branch-rate="0" complexity="0"><classes><class name="lib" filename="consensus/src/lib.rs" line-rate="0.46875" branch-rate="0" complexity="0"><methods/><lines><line number="38" hits="8"/><line number="41" hits="8"/><line number="42" hits="8"/><line number="43" hits="8"/><line number="48" hits="1"/><line number="49" hits="1"/><line number="50" hits="1"/><line number="51" hits="1"/><line number="54" hits="1"/><line number="55" hits="1"/><line number="56" hits="1"/><line number="58" hits="1"/><line number="62" hits="0"/><line number="64" hits="0"/><line number="65" hits="0"/><line number="68" hits="0"/><line number="69" hits="0"/><line number="72" hits="0"/><line number="73" hits="0"/><line number="76" hits="0"/><line number="77" hits="0"/><line number="78" hits="0"/><line number="81" hits="0"/><line number="82" hits="0"/><line number="86" hits="3"/><line number="92" hits="4"/><line number="93" hits="1"/><line number="96" hits="2"/><line number="97" hits="1"/><line number="101" hits="2"/><line number="102" hits="2"/><line number="103" hits="1"/><line number="108" hits="1"/><line number="109" hits="2"/><line number="110" hits="1"/><line number="115" hits="0"/><line number="116" hits="0"/><line number="117" hits="0"/><line number="118" hits="0"/><line number="120" hits="0"/><line number="123" hits="0"/><line number="124" hits="0"/><line number="125" hits="0"/><line number="126" hits="0"/><line number="127" hits="0"/><line number="133" hits="0"/><line number="135" hits="0"/><line number="136" hits="0"/><line number="137" hits="0"/><line number="143" hits="0"/><line number="144" hits="0"/><line number="145" hits="0"/><line number="148" hits="0"/><line number="149" hits="0"/><line number="155" hits="1"/><line number="156" hits="3"/><line number="159" hits="6"/><line number="160" hits="0"/><line number="161" hits="0"/><line number="163" hits="0"/><line number="167" hits="3"/><line number="170" hits="1"/><line number="171" hits="1"/><line number="172" hits="1"/></lines></class></classes></package><package name="crypto/src" line-rate="0.96" branch-rate="0" complexity="0"><classes><class name="lib" filename="crypto/src/lib.rs" line-rate="1" branch-rate="0" complexity="0"><methods/><lines><line number="6" hits="3"/><line number="7" hits="3"/><line number="11" hits="1"/><line number="12" hits="1"/><line number="16" hits="1"/><line number="20" hits="1"/><line number="24" hits="4"/><line number="25" hits="3"/><line number="29" hits="1"/><line number="30" hits="1"/><line number="34" hits="1"/><line number="38" hits="1"/></lines></class><class name="transaction" filename="crypto/src/transaction.rs" line-rate="0.9090909090909091" branch-rate="0" complexity="0"><methods/><lines><line number="25" hits="1"/><line number="31" hits="1"/><line number="37" hits="2"/><line number="38" hits="1"/><line number="43" hits="1"/><line number="44" hits="1"/><line number="46" hits="1"/><line number="47" hits="1"/><line number="48" hits="1"/><line number="49" hits="1"/><line number="51" hits="1"/><line number="55" hits="1"/><line number="56" hits="1"/><line number="57" hits="2"/><line number="63" hits="1"/><line number="65" hits="1"/><line number="66" hits="0"/><line number="70" hits="3"/><line number="71" hits="1"/><line number="72" hits="1"/><line number="73" hits="0"/><line number="76" hits="1"/></lines></class><class name="zkp" filename="crypto/src/zkp.rs" line-rate="1" branch-rate="0" complexity="0"><methods/><lines><line number="18" hits="2"/><line number="22" hits="1"/><line number="23" hits="1"/><line number="26" hits="1"/><line number="27" hits="2"/><line number="30" hits="3"/><line number="31" hits="1"/><line number="33" hits="1"/><line number="44" hits="1"/><line number="46" hits="1"/><line number="47" hits="1"/><line number="56" hits="1"/><line number="57" hits="1"/><line number="58" hits="1"/><line number="60" hits="1"/><line number="63" hits="1"/></lines></class></classes></package><package name="core_node/tests" line-rate="1" branch-rate="0" complexity="0"><classes><class name="blackbox" filename="core_node/tests/blackbox.rs" line-rate="1" branch-rate="0" complexity="0"><methods/><lines><line number="1" hits="1"/><line number="5" hits="8"/><line number="6" hits="3"/><line number="7" hits="2"/><line number="8" hits="1"/><line number="11" hits="6"/><line number="12" hits="4"/><line number="13" hits="1"/><line number="14" hits="2"/><line number="15" hits="1"/><line number="18" hits="2"/><line number="19" hits="1"/><line number="20" hits="6"/><line number="21" hits="4"/><line number="22" hits="1"/><line number="25" hits="2"/><line number="26" hits="3"/><line number="28" hits="1"/><line number="29" hits="1"/><line number="32" hits="1"/><line number="33" hits="3"/><line number="35" hits="1"/><line number="36" hits="1"/><line number="40" hits="1"/><line number="41" hits="3"/><line number="43" hits="1"/><line number="44" hits="1"/><line number="47" hits="2"/><line number="51" hits="1"/><line number="52" hits="3"/><line number="54" hits="1"/><line number="55" hits="1"/><line number="57" hits="3"/><line number="60" hits="3"/><line number="62" hits="7"/><line number="63" hits="3"/><line number="64" hits="2"/><line number="65" hits="1"/><line number="66" hits="6"/><line number="67" hits="4"/><line number="68" hits="1"/><line number="69" hits="2"/><line number="70" hits="1"/><line number="72" hits="2"/><line number="73" hits="1"/><line number="74" hits="6"/><line number="75" hits="4"/><line number="76" hits="1"/><line number="80" hits="6"/><line number="81" hits="1"/><line number="82" hits="2"/><line number="84" hits="1"/><line number="85" hits="3"/><line number="86" hits="1"/><line number="88" hits="4"/><line number="90" hits="3"/><line number="92" hits="7"/><line number="93" hits="3"/><line number="94" hits="2"/><line number="95" hits="1"/><line number="96" hits="6"/><line number="97" hits="4"/><line number="98" hits="1"/><line number="99" hits="2"/><line number="101" hits="1"/><line number="102" hits="1"/><line number="103" hits="6"/><line number="104" hits="4"/><line number="105" hits="1"/><line number="108" hits="1"/><line number="113" hits="1"/><line number="114" hits="3"/><line number="116" hits="1"/><line number="117" hits="1"/><line number="119" hits="3"/><line number="121" hits="3"/></lines></class></classes></package><package name="network/src" line-rate="0.8849557522123894" branch-rate="0" complexity="0"><classes><class name="dht" filename="network/src/dht.rs" line-rate="0.9629629629629629" branch-rate="0" complexity="0"><methods/><lines><line number="15" hits="2"/><line number="16" hits="2"/><line number="21" hits="1"/><line number="22" hits="1"/><line number="34" hits="5"/><line number="37" hits="4"/><line number="42" hits="2"/><line number="43" hits="2"/><line number="44" hits="2"/><line number="45" hits="4"/><line number="46" hits="4"/><line number="48" hits="2"/><line number="52" hits="2"/><line number="53" hits="4"/><line number="55" hits="2"/><line number="57" hits="2"/><line number="58" hits="1"/><line number="60" hits="2"/><line number="61" hits="1"/><line number="67" hits="1"/><line number="68" hits="1"/><line number="69" hits="1"/><line number="71" hits="1"/><line number="72" hits="1"/><line number="73" hits="1"/><line number="74" hits="1"/><line number="76" hits="0"/></lines></class><class name="lib" filename="network/src/lib.rs" line-rate="0.8604651162790697" branch-rate="0" complexity="0"><methods/><lines><line number="21" hits="3"/><line number="22" hits="2"/><line number="27" hits="1"/><line number="35" hits="1"/><line number="36" hits="1"/><line number="37" hits="1"/><line number="39" hits="3"/><line number="40" hits="2"/><line number="42" hits="0"/><line number="43" hits="0"/><line number="48" hits="0"/><line number="54" hits="0"/><line number="57" hits="1"/><line number="63" hits="1"/><line number="66" hits="3"/><line number="67" hits="3"/><line number="76" hits="3"/><line number="78" hits="4"/><line number="79" hits="3"/><line number="81" hits="8"/><line number="82" hits="7"/><line number="84" hits="3"/><line number="87" hits="4"/><line number="88" hits="3"/><line number="89" hits="4"/><line number="90" hits="3"/><line number="103" hits="3"/><line number="104" hits="4"/><line number="105" hits="4"/><line number="107" hits="16"/><line number="111" hits="8"/><line number="113" hits="7"/><line number="114" hits="7"/><line number="116" hits="4"/><line number="118" hits="3"/><line number="120" hits="4"/><line number="122" hits="3"/><line number="123" hits="4"/><line number="125" hits="3"/><line number="126" hits="4"/><line number="127" hits="4"/><line number="132" hits="3"/><line number="133" hits="8"/><line number="137" hits="4"/><line number="140" hits="3"/><line number="141" hits="2"/><line number="144" hits="8"/><line number="145" hits="4"/><line number="146" hits="3"/><line number="147" hits="3"/><line number="148" hits="2"/><line number="149" hits="1"/><line number="151" hits="4"/><line number="153" hits="6"/><line number="154" hits="3"/><line number="155" hits="1"/><line number="157" hits="8"/><line number="158" hits="2"/><line number="159" hits="2"/><line number="164" hits="4"/><line number="169" hits="7"/><line number="170" hits="3"/><line number="171" hits="3"/><line number="173" hits="3"/><line number="174" hits="5"/><line number="176" hits="3"/><line number="178" hits="8"/><line number="179" hits="4"/><line number="180" hits="3"/><line number="181" hits="2"/><line number="186" hits="1"/><line number="187" hits="2"/><line number="188" hits="0"/><line number="189" hits="0"/><line number="190" hits="0"/><line number="194" hits="1"/><line number="197" hits="1"/><line number="198" hits="0"/><line number="201" hits="4"/><line number="202" hits="1"/><line number="204" hits="4"/><line number="206" hits="0"/><line number="207" hits="0"/><line number="208" hits="0"/><line number="210" hits="0"/><line number="219" hits="2"/></lines></class></classes></package><package name="core_node/src" line-rate="0.8484848484848485" branch-rate="0" complexity="0"><classes><class name="lib" filename="core_node/src/lib.rs" line-rate="0.8863636363636364" branch-rate="0" complexity="0"><methods/><lines><line number="37" hits="2"/><line number="42" hits="2"/><line number="43" hits="2"/><line number="46" hits="6"/><line number="49" hits="7"/><line number="52" hits="4"/><line number="53" hits="8"/><line number="54" hits="8"/><line number="56" hits="4"/><line number="58" hits="4"/><line number="59" hits="4"/><line number="60" hits="4"/><line number="61" hits="4"/><line number="62" hits="4"/><line number="67" hits="8"/><line number="70" hits="4"/><line number="73" hits="2"/><line number="75" hits="2"/><line number="79" hits="11"/><line number="80" hits="5"/><line number="81" hits="5"/><line number="82" hits="5"/><line number="84" hits="5"/><line number="85" hits="3"/><line number="87" hits="5"/><line number="93" hits="0"/><line number="94" hits="0"/><line number="96" hits="0"/><line number="97" hits="0"/><line number="113" hits="4"/><line number="114" hits="4"/><line number="116" hits="5"/><line number="117" hits="2"/><line number="119" hits="5"/><line number="120" hits="2"/><line number="122" hits="2"/><line number="123" hits="1"/><line number="130" hits="4"/><line number="131" hits="8"/><line number="133" hits="7"/><line number="134" hits="2"/><line number="136" hits="6"/><line number="138" hits="6"/><line number="139" hits="0"/></lines></class><class name="recovery" filename="core_node/src/recovery.rs" line-rate="0.7727272727272727" branch-rate="0" complexity="0"><methods/><lines><line number="20" hits="1"/><line number="22" hits="1"/><line number="29" hits="0"/><line number="30" hits="0"/><line number="31" hits="0"/><line number="32" hits="0"/><line number="36" hits="1"/><line number="37" hits="1"/><line number="41" hits="1"/><line number="42" hits="1"/><line number="45" hits="2"/><line number="46" hits="1"/><line number="52" hits="1"/><line number="56" hits="2"/><line number="58" hits="0"/><line number="62" hits="2"/><line number="63" hits="1"/><line number="64" hits="1"/><line number="65" hits="1"/><line number="66" hits="1"/><line number="69" hits="1"/><line number="70" hits="1"/></lines></class></classes></package><package name="network/fuzz/fuzz_targets" line-rate="0" branch-rate="0" complexity="0"><classes></classes></package></packages></coverage>